<?xml version="1.0" encoding="UTF-8"?>
<robot generator="Robot 3.1.2 (Python 3.7.4 on win32)" generated="20210907 19:43:24.914" rpa="false">
<suite id="s1" name="Font Office" source="C:\Users\ploysae\p_automate\font-office-site\Tests\Font_Office.robot">
<test id="s1-t1" name="User is able to access the &quot;Team&quot; Page">
<kw name="Begin &quot;Robot&quot; Test Web" library="CommonWeb" type="setup">
<arguments>
<arg>${BROWSER}</arg>
</arguments>
<kw name="Open Browser" library="SeleniumLibrary">
<doc>Opens a new browser instance to the given ``url``.</doc>
<arguments>
<arg>about:blank</arg>
<arg>${BROWSER}</arg>
</arguments>
<msg timestamp="20210907 19:43:25.314" level="INFO">Opening browser 'chrome' to base url 'about:blank'.</msg>
<status status="PASS" starttime="20210907 19:43:25.314" endtime="20210907 19:43:27.474"></status>
</kw>
<kw name="Maximize Browser Window" library="SeleniumLibrary">
<doc>Maximizes current browser window.</doc>
<status status="PASS" starttime="20210907 19:43:27.474" endtime="20210907 19:43:27.612"></status>
</kw>
<status status="PASS" starttime="20210907 19:43:25.314" endtime="20210907 19:43:27.613"></status>
</kw>
<kw name="Go to Landing Page" library="FontOfficeApp">
<kw name="Navigate To" library="LandingPage">
<kw name="Go To" library="SeleniumLibrary">
<doc>Navigates the active browser instance to the provided ``url``.</doc>
<arguments>
<arg>${URL}</arg>
</arguments>
<msg timestamp="20210907 19:43:27.615" level="INFO">Opening url 'https://www.robotframeworktutorial.com/front-office/'</msg>
<status status="PASS" starttime="20210907 19:43:27.614" endtime="20210907 19:43:36.257"></status>
</kw>
<kw name="Sleep" library="BuiltIn">
<doc>Pauses the test executed for the given time.</doc>
<arguments>
<arg>3s</arg>
</arguments>
<msg timestamp="20210907 19:43:39.269" level="INFO">Slept 3 seconds</msg>
<status status="PASS" starttime="20210907 19:43:36.258" endtime="20210907 19:43:39.269"></status>
</kw>
<status status="PASS" starttime="20210907 19:43:27.614" endtime="20210907 19:43:39.270"></status>
</kw>
<kw name="Verify Page Loaded" library="LandingPage">
<kw name="Wait Until Page Contains Element" library="SeleniumLibrary">
<doc>Waits until element ``locator`` appears on current page.</doc>
<arguments>
<arg>${LANDIND_NAVIGATION_ELEMENT}</arg>
</arguments>
<status status="PASS" starttime="20210907 19:43:39.270" endtime="20210907 19:43:39.290"></status>
</kw>
<status status="PASS" starttime="20210907 19:43:39.270" endtime="20210907 19:43:39.291"></status>
</kw>
<status status="PASS" starttime="20210907 19:43:27.613" endtime="20210907 19:43:39.291"></status>
</kw>
<kw name="Log" library="BuiltIn">
<doc>Logs the given message with the given level.</doc>
<arguments>
<arg>Execute Test 1</arg>
</arguments>
<msg timestamp="20210907 19:43:39.291" level="INFO">Execute Test 1</msg>
<status status="PASS" starttime="20210907 19:43:39.291" endtime="20210907 19:43:39.291"></status>
</kw>
<kw name="Sleep" library="BuiltIn">
<doc>Pauses the test executed for the given time.</doc>
<arguments>
<arg>2s</arg>
</arguments>
<msg timestamp="20210907 19:43:41.303" level="INFO">Slept 2 seconds</msg>
<status status="PASS" starttime="20210907 19:43:39.291" endtime="20210907 19:43:41.303"></status>
</kw>
<kw name="End &quot;Robot&quot; Test Web" library="CommonWeb" type="teardown">
<kw name="Close All Browsers" library="SeleniumLibrary">
<doc>Closes all open browsers and resets the browser cache.</doc>
<status status="PASS" starttime="20210907 19:43:41.306" endtime="20210907 19:43:44.835"></status>
</kw>
<status status="PASS" starttime="20210907 19:43:41.305" endtime="20210907 19:43:44.836"></status>
</kw>
<doc>Test case 1</doc>
<tags>
<tag>1</tag>
<tag>Regression</tag>
</tags>
<status status="PASS" starttime="20210907 19:43:25.313" endtime="20210907 19:43:44.836" critical="yes"></status>
</test>
<test id="s1-t2" name="The &quot;Team&quot; Page should match with requirement">
<kw name="Begin &quot;Robot&quot; Test Web" library="CommonWeb" type="setup">
<arguments>
<arg>${BROWSER}</arg>
</arguments>
<kw name="Open Browser" library="SeleniumLibrary">
<doc>Opens a new browser instance to the given ``url``.</doc>
<arguments>
<arg>about:blank</arg>
<arg>${BROWSER}</arg>
</arguments>
<msg timestamp="20210907 19:43:44.841" level="INFO">Opening browser 'chrome' to base url 'about:blank'.</msg>
<status status="PASS" starttime="20210907 19:43:44.840" endtime="20210907 19:43:46.852"></status>
</kw>
<kw name="Maximize Browser Window" library="SeleniumLibrary">
<doc>Maximizes current browser window.</doc>
<status status="PASS" starttime="20210907 19:43:46.853" endtime="20210907 19:43:47.061"></status>
</kw>
<status status="PASS" starttime="20210907 19:43:44.839" endtime="20210907 19:43:47.061"></status>
</kw>
<kw name="Go to Landing Page" library="FontOfficeApp">
<kw name="Navigate To" library="LandingPage">
<kw name="Go To" library="SeleniumLibrary">
<doc>Navigates the active browser instance to the provided ``url``.</doc>
<arguments>
<arg>${URL}</arg>
</arguments>
<msg timestamp="20210907 19:43:47.063" level="INFO">Opening url 'https://www.robotframeworktutorial.com/front-office/'</msg>
<status status="PASS" starttime="20210907 19:43:47.062" endtime="20210907 19:43:58.424"></status>
</kw>
<kw name="Sleep" library="BuiltIn">
<doc>Pauses the test executed for the given time.</doc>
<arguments>
<arg>3s</arg>
</arguments>
<msg timestamp="20210907 19:44:01.444" level="INFO">Slept 3 seconds</msg>
<status status="PASS" starttime="20210907 19:43:58.425" endtime="20210907 19:44:01.445"></status>
</kw>
<status status="PASS" starttime="20210907 19:43:47.062" endtime="20210907 19:44:01.445"></status>
</kw>
<kw name="Verify Page Loaded" library="LandingPage">
<kw name="Wait Until Page Contains Element" library="SeleniumLibrary">
<doc>Waits until element ``locator`` appears on current page.</doc>
<arguments>
<arg>${LANDIND_NAVIGATION_ELEMENT}</arg>
</arguments>
<status status="PASS" starttime="20210907 19:44:01.447" endtime="20210907 19:44:01.474"></status>
</kw>
<status status="PASS" starttime="20210907 19:44:01.446" endtime="20210907 19:44:01.475"></status>
</kw>
<status status="PASS" starttime="20210907 19:43:47.061" endtime="20210907 19:44:01.475"></status>
</kw>
<kw name="Go to &quot;Team&quot; Page" library="FontOfficeApp">
<kw name="Select &quot;Team&quot; Page" library="TopNav">
<kw name="Click Element" library="SeleniumLibrary">
<doc>Click element identified by ``locator``.</doc>
<arguments>
<arg>${TOPNAV_LINK}</arg>
</arguments>
<msg timestamp="20210907 19:44:01.477" level="INFO">Clicking element 'css=#bs-example-navbar-collapse-1 &gt; ul &gt; li:nth-child(5) &gt; a'.</msg>
<status status="PASS" starttime="20210907 19:44:01.477" endtime="20210907 19:44:01.572"></status>
</kw>
<kw name="Sleep" library="BuiltIn">
<doc>Pauses the test executed for the given time.</doc>
<arguments>
<arg>2s</arg>
</arguments>
<msg timestamp="20210907 19:44:03.589" level="INFO">Slept 2 seconds</msg>
<status status="PASS" starttime="20210907 19:44:01.573" endtime="20210907 19:44:03.589"></status>
</kw>
<status status="PASS" starttime="20210907 19:44:01.476" endtime="20210907 19:44:03.589"></status>
</kw>
<kw name="Verify Page Loaded" library="LandingPage">
<kw name="Wait Until Page Contains Element" library="SeleniumLibrary">
<doc>Waits until element ``locator`` appears on current page.</doc>
<arguments>
<arg>${LANDIND_NAVIGATION_ELEMENT}</arg>
</arguments>
<status status="PASS" starttime="20210907 19:44:03.590" endtime="20210907 19:44:03.603"></status>
</kw>
<status status="PASS" starttime="20210907 19:44:03.590" endtime="20210907 19:44:03.603"></status>
</kw>
<status status="PASS" starttime="20210907 19:44:01.476" endtime="20210907 19:44:03.603"></status>
</kw>
<kw name="Validate &quot;Team&quot; Page" library="FontOfficeApp">
<kw name="Validate Page Contents" library="Team">
<kw name="Get Text" library="SeleniumLibrary">
<doc>Returns the text value of element identified by ``locator``.</doc>
<arguments>
<arg>${TEAM_HEADER_LABEL}</arg>
</arguments>
<assign>
<var>${ElementText}</var>
</assign>
<msg timestamp="20210907 19:44:03.652" level="INFO">${ElementText} = OUR AMAZING TEAM</msg>
<status status="PASS" starttime="20210907 19:44:03.605" endtime="20210907 19:44:03.653"></status>
</kw>
<kw name="Should Be Equal As Strings" library="BuiltIn">
<doc>Fails if objects are unequal after converting them to strings.</doc>
<arguments>
<arg>${ElementText}</arg>
<arg>Our Amazing Team</arg>
<arg>ignore_case=true</arg>
</arguments>
<status status="PASS" starttime="20210907 19:44:03.653" endtime="20210907 19:44:03.653"></status>
</kw>
<status status="PASS" starttime="20210907 19:44:03.604" endtime="20210907 19:44:03.653"></status>
</kw>
<status status="PASS" starttime="20210907 19:44:03.604" endtime="20210907 19:44:03.653"></status>
</kw>
<kw name="Log" library="BuiltIn">
<doc>Logs the given message with the given level.</doc>
<arguments>
<arg>Execute Test 2</arg>
</arguments>
<msg timestamp="20210907 19:44:03.653" level="INFO">Execute Test 2</msg>
<status status="PASS" starttime="20210907 19:44:03.653" endtime="20210907 19:44:03.653"></status>
</kw>
<kw name="Sleep" library="BuiltIn">
<doc>Pauses the test executed for the given time.</doc>
<arguments>
<arg>2s</arg>
</arguments>
<msg timestamp="20210907 19:44:05.668" level="INFO">Slept 2 seconds</msg>
<status status="PASS" starttime="20210907 19:44:03.653" endtime="20210907 19:44:05.669"></status>
</kw>
<kw name="End &quot;Robot&quot; Test Web" library="CommonWeb" type="teardown">
<kw name="Close All Browsers" library="SeleniumLibrary">
<doc>Closes all open browsers and resets the browser cache.</doc>
<status status="PASS" starttime="20210907 19:44:05.670" endtime="20210907 19:44:08.133"></status>
</kw>
<status status="PASS" starttime="20210907 19:44:05.670" endtime="20210907 19:44:08.134"></status>
</kw>
<doc>Test case 2</doc>
<tags>
<tag>Regression 2</tag>
</tags>
<status status="PASS" starttime="20210907 19:43:44.838" endtime="20210907 19:44:08.134" critical="yes"></status>
</test>
<doc>Learning RobotFramework</doc>
<status status="PASS" starttime="20210907 19:43:24.917" endtime="20210907 19:44:08.137"></status>
</suite>
<statistics>
<total>
<stat pass="2" fail="0">Critical Tests</stat>
<stat pass="2" fail="0">All Tests</stat>
</total>
<tag>
<stat pass="1" fail="0">1</stat>
<stat pass="1" fail="0">Regression</stat>
<stat pass="1" fail="0">Regression 2</stat>
</tag>
<suite>
<stat pass="2" fail="0" id="s1" name="Font Office">Font Office</stat>
</suite>
</statistics>
<errors>
</errors>
</robot>
